  BombGameExpert.cpp
D:\OneDrive - Florida Gulf Coast University\Misc\KTaNE\VisualBombGame3\Expert_Assistant\Expert_Assistant\BombGameExpert\BombGameExpert\BombGameExpert.cpp(212,21): warning C4018: '<': signed/unsigned mismatch
D:\OneDrive - Florida Gulf Coast University\Misc\KTaNE\VisualBombGame3\Expert_Assistant\Expert_Assistant\BombGameExpert\BombGameExpert\BombGameExpert.cpp(346,27): warning C4018: '<': signed/unsigned mismatch
D:\OneDrive - Florida Gulf Coast University\Misc\KTaNE\VisualBombGame3\Expert_Assistant\Expert_Assistant\BombGameExpert\BombGameExpert\BombGameExpert.cpp(373,31): warning C4267: 'return': conversion from 'size_t' to 'char', possible loss of data
D:\OneDrive - Florida Gulf Coast University\Misc\KTaNE\VisualBombGame3\Expert_Assistant\Expert_Assistant\BombGameExpert\BombGameExpert\BombGameExpert.cpp(465,23): warning C4018: '<': signed/unsigned mismatch
D:\OneDrive - Florida Gulf Coast University\Misc\KTaNE\VisualBombGame3\Expert_Assistant\Expert_Assistant\BombGameExpert\BombGameExpert\BombGameExpert.cpp(679,27): warning C4018: '<': signed/unsigned mismatch
D:\OneDrive - Florida Gulf Coast University\Misc\KTaNE\VisualBombGame3\Expert_Assistant\Expert_Assistant\BombGameExpert\BombGameExpert\BombGameExpert.cpp(683,35): warning C4018: '<': signed/unsigned mismatch
D:\OneDrive - Florida Gulf Coast University\Misc\KTaNE\VisualBombGame3\Expert_Assistant\Expert_Assistant\BombGameExpert\BombGameExpert\BombGameExpert.cpp(687,43): warning C4018: '<': signed/unsigned mismatch
D:\OneDrive - Florida Gulf Coast University\Misc\KTaNE\VisualBombGame3\Expert_Assistant\Expert_Assistant\BombGameExpert\BombGameExpert\BombGameExpert.cpp(1106,18): warning C4018: '<': signed/unsigned mismatch
D:\OneDrive - Florida Gulf Coast University\Misc\KTaNE\VisualBombGame3\Expert_Assistant\Expert_Assistant\BombGameExpert\BombGameExpert\BombGameExpert.cpp(1134,27): warning C4018: '<': signed/unsigned mismatch
D:\OneDrive - Florida Gulf Coast University\Misc\KTaNE\VisualBombGame3\Expert_Assistant\Expert_Assistant\BombGameExpert\BombGameExpert\BombGameExpert.cpp(1385,31): warning C4018: '<': signed/unsigned mismatch
D:\OneDrive - Florida Gulf Coast University\Misc\KTaNE\VisualBombGame3\Expert_Assistant\Expert_Assistant\BombGameExpert\BombGameExpert\BombGameExpert.cpp(1428,31): warning C4018: '<': signed/unsigned mismatch
D:\OneDrive - Florida Gulf Coast University\Misc\KTaNE\VisualBombGame3\Expert_Assistant\Expert_Assistant\BombGameExpert\BombGameExpert\BombGameExpert.cpp(1463,27): warning C4018: '<': signed/unsigned mismatch
D:\OneDrive - Florida Gulf Coast University\Misc\KTaNE\VisualBombGame3\Expert_Assistant\Expert_Assistant\BombGameExpert\BombGameExpert\BombGameExpert.cpp(1465,18): warning C4018: '<': signed/unsigned mismatch
D:\OneDrive - Florida Gulf Coast University\Misc\KTaNE\VisualBombGame3\Expert_Assistant\Expert_Assistant\BombGameExpert\BombGameExpert\BombGameExpert.cpp(1744,33): warning C4838: conversion from '__int64' to 'int' requires a narrowing conversion
D:\OneDrive - Florida Gulf Coast University\Misc\KTaNE\VisualBombGame3\Expert_Assistant\Expert_Assistant\BombGameExpert\BombGameExpert\BombGameExpert.cpp(1744,313): warning C4305: 'initializing': truncation from '__int64' to 'int'
D:\OneDrive - Florida Gulf Coast University\Misc\KTaNE\VisualBombGame3\Expert_Assistant\Expert_Assistant\BombGameExpert\BombGameExpert\BombGameExpert.cpp(1744,33): warning C4309: 'initializing': truncation of constant value
D:\OneDrive - Florida Gulf Coast University\Misc\KTaNE\VisualBombGame3\Expert_Assistant\Expert_Assistant\BombGameExpert\BombGameExpert\BombGameExpert.cpp(1744,55): warning C4838: conversion from '__int64' to 'int' requires a narrowing conversion
D:\OneDrive - Florida Gulf Coast University\Misc\KTaNE\VisualBombGame3\Expert_Assistant\Expert_Assistant\BombGameExpert\BombGameExpert\BombGameExpert.cpp(1744,55): warning C4309: 'initializing': truncation of constant value
D:\OneDrive - Florida Gulf Coast University\Misc\KTaNE\VisualBombGame3\Expert_Assistant\Expert_Assistant\BombGameExpert\BombGameExpert\BombGameExpert.cpp(1744,75): warning C4838: conversion from '__int64' to 'int' requires a narrowing conversion
D:\OneDrive - Florida Gulf Coast University\Misc\KTaNE\VisualBombGame3\Expert_Assistant\Expert_Assistant\BombGameExpert\BombGameExpert\BombGameExpert.cpp(1744,75): warning C4309: 'initializing': truncation of constant value
D:\OneDrive - Florida Gulf Coast University\Misc\KTaNE\VisualBombGame3\Expert_Assistant\Expert_Assistant\BombGameExpert\BombGameExpert\BombGameExpert.cpp(1744,94): warning C4838: conversion from '__int64' to 'int' requires a narrowing conversion
D:\OneDrive - Florida Gulf Coast University\Misc\KTaNE\VisualBombGame3\Expert_Assistant\Expert_Assistant\BombGameExpert\BombGameExpert\BombGameExpert.cpp(1744,94): warning C4309: 'initializing': truncation of constant value
D:\OneDrive - Florida Gulf Coast University\Misc\KTaNE\VisualBombGame3\Expert_Assistant\Expert_Assistant\BombGameExpert\BombGameExpert\BombGameExpert.cpp(1744,110): warning C4838: conversion from '__int64' to 'int' requires a narrowing conversion
D:\OneDrive - Florida Gulf Coast University\Misc\KTaNE\VisualBombGame3\Expert_Assistant\Expert_Assistant\BombGameExpert\BombGameExpert\BombGameExpert.cpp(1744,110): warning C4309: 'initializing': truncation of constant value
D:\OneDrive - Florida Gulf Coast University\Misc\KTaNE\VisualBombGame3\Expert_Assistant\Expert_Assistant\BombGameExpert\BombGameExpert\BombGameExpert.cpp(1744,128): warning C4838: conversion from '__int64' to 'int' requires a narrowing conversion
D:\OneDrive - Florida Gulf Coast University\Misc\KTaNE\VisualBombGame3\Expert_Assistant\Expert_Assistant\BombGameExpert\BombGameExpert\BombGameExpert.cpp(1744,128): warning C4309: 'initializing': truncation of constant value
D:\OneDrive - Florida Gulf Coast University\Misc\KTaNE\VisualBombGame3\Expert_Assistant\Expert_Assistant\BombGameExpert\BombGameExpert\BombGameExpert.cpp(1744,144): warning C4838: conversion from '__int64' to 'int' requires a narrowing conversion
D:\OneDrive - Florida Gulf Coast University\Misc\KTaNE\VisualBombGame3\Expert_Assistant\Expert_Assistant\BombGameExpert\BombGameExpert\BombGameExpert.cpp(1744,144): warning C4309: 'initializing': truncation of constant value
D:\OneDrive - Florida Gulf Coast University\Misc\KTaNE\VisualBombGame3\Expert_Assistant\Expert_Assistant\BombGameExpert\BombGameExpert\BombGameExpert.cpp(1744,162): warning C4838: conversion from '__int64' to 'int' requires a narrowing conversion
D:\OneDrive - Florida Gulf Coast University\Misc\KTaNE\VisualBombGame3\Expert_Assistant\Expert_Assistant\BombGameExpert\BombGameExpert\BombGameExpert.cpp(1744,162): warning C4309: 'initializing': truncation of constant value
D:\OneDrive - Florida Gulf Coast University\Misc\KTaNE\VisualBombGame3\Expert_Assistant\Expert_Assistant\BombGameExpert\BombGameExpert\BombGameExpert.cpp(1744,181): warning C4838: conversion from '__int64' to 'int' requires a narrowing conversion
D:\OneDrive - Florida Gulf Coast University\Misc\KTaNE\VisualBombGame3\Expert_Assistant\Expert_Assistant\BombGameExpert\BombGameExpert\BombGameExpert.cpp(1744,181): warning C4309: 'initializing': truncation of constant value
D:\OneDrive - Florida Gulf Coast University\Misc\KTaNE\VisualBombGame3\Expert_Assistant\Expert_Assistant\BombGameExpert\BombGameExpert\BombGameExpert.cpp(1744,201): warning C4838: conversion from '__int64' to 'int' requires a narrowing conversion
D:\OneDrive - Florida Gulf Coast University\Misc\KTaNE\VisualBombGame3\Expert_Assistant\Expert_Assistant\BombGameExpert\BombGameExpert\BombGameExpert.cpp(1744,201): warning C4309: 'initializing': truncation of constant value
D:\OneDrive - Florida Gulf Coast University\Misc\KTaNE\VisualBombGame3\Expert_Assistant\Expert_Assistant\BombGameExpert\BombGameExpert\BombGameExpert.cpp(1744,220): warning C4838: conversion from '__int64' to 'int' requires a narrowing conversion
D:\OneDrive - Florida Gulf Coast University\Misc\KTaNE\VisualBombGame3\Expert_Assistant\Expert_Assistant\BombGameExpert\BombGameExpert\BombGameExpert.cpp(1744,220): warning C4309: 'initializing': truncation of constant value
D:\OneDrive - Florida Gulf Coast University\Misc\KTaNE\VisualBombGame3\Expert_Assistant\Expert_Assistant\BombGameExpert\BombGameExpert\BombGameExpert.cpp(1744,236): warning C4838: conversion from '__int64' to 'int' requires a narrowing conversion
D:\OneDrive - Florida Gulf Coast University\Misc\KTaNE\VisualBombGame3\Expert_Assistant\Expert_Assistant\BombGameExpert\BombGameExpert\BombGameExpert.cpp(1744,236): warning C4309: 'initializing': truncation of constant value
D:\OneDrive - Florida Gulf Coast University\Misc\KTaNE\VisualBombGame3\Expert_Assistant\Expert_Assistant\BombGameExpert\BombGameExpert\BombGameExpert.cpp(1744,268): warning C4838: conversion from '__int64' to 'int' requires a narrowing conversion
D:\OneDrive - Florida Gulf Coast University\Misc\KTaNE\VisualBombGame3\Expert_Assistant\Expert_Assistant\BombGameExpert\BombGameExpert\BombGameExpert.cpp(1744,268): warning C4309: 'initializing': truncation of constant value
D:\OneDrive - Florida Gulf Coast University\Misc\KTaNE\VisualBombGame3\Expert_Assistant\Expert_Assistant\BombGameExpert\BombGameExpert\BombGameExpert.cpp(1744,282): warning C4838: conversion from '__int64' to 'int' requires a narrowing conversion
D:\OneDrive - Florida Gulf Coast University\Misc\KTaNE\VisualBombGame3\Expert_Assistant\Expert_Assistant\BombGameExpert\BombGameExpert\BombGameExpert.cpp(1744,282): warning C4309: 'initializing': truncation of constant value
D:\OneDrive - Florida Gulf Coast University\Misc\KTaNE\VisualBombGame3\Expert_Assistant\Expert_Assistant\BombGameExpert\BombGameExpert\BombGameExpert.cpp(1744,301): warning C4838: conversion from '__int64' to 'int' requires a narrowing conversion
D:\OneDrive - Florida Gulf Coast University\Misc\KTaNE\VisualBombGame3\Expert_Assistant\Expert_Assistant\BombGameExpert\BombGameExpert\BombGameExpert.cpp(1744,301): warning C4309: 'initializing': truncation of constant value
D:\OneDrive - Florida Gulf Coast University\Misc\KTaNE\VisualBombGame3\Expert_Assistant\Expert_Assistant\BombGameExpert\BombGameExpert\BombGameExpert.cpp(429): warning C4715: 'batteries': not all control paths return a value
  LINK : D:\OneDrive - Florida Gulf Coast University\Misc\KTaNE\VisualBombGame3\Expert_Assistant\Expert_Assistant\BombGameExpert\Debug\BombGameExpert.exe not found or not built by the last incremental link; performing full link
  BombGameExpert.vcxproj -> D:\OneDrive - Florida Gulf Coast University\Misc\KTaNE\VisualBombGame3\Expert_Assistant\Expert_Assistant\BombGameExpert\Debug\BombGameExpert.exe
